<?xml version="1.0" encoding="UTF-8"?>
<testng-results ignored="0" total="1" passed="1" failed="0" skipped="0">
  <reporter-output>
  </reporter-output>
  <suite started-at="2021-08-01T06:21:36 GMT" name="Default suite" finished-at="2021-08-01T06:21:44 GMT" duration-ms="7656">
    <groups>
    </groups>
    <test started-at="2021-08-01T06:21:36 GMT" name="Default test" finished-at="2021-08-01T06:21:44 GMT" duration-ms="7656">
      <class name="First.UploadFiles">
        <test-method signature="uploadFile()[pri:0, instance:First.UploadFiles@1cbb87f3]" started-at="2021-08-01T06:21:36 GMT" name="uploadFile" finished-at="2021-08-01T06:21:44 GMT" duration-ms="7586" status="PASS">
          <reporter-output>
          </reporter-output>
        </test-method> <!-- uploadFile -->
      </class> <!-- First.UploadFiles -->
    </test> <!-- Default test -->
  </suite> <!-- Default suite -->
</testng-results>
