<?xml version="1.0" encoding="UTF-8"?>
<!-- Generated by org.testng.reporters.JUnitXMLReporter -->
<testsuite ignored="0" hostname="rakshitsewach" failures="1" tests="1" name="Default test" time="0.713" errors="0" timestamp="2021-07-31T11:58:36 GMT">
  <testcase classname="io.cucumber.testng.AbstractTestNGCucumberTests" name="runScenario" time="0.26">
    <failure type="java.lang.Error" message="Unresolved compilation problem: 
	Unreachable code
">
      <![CDATA[java.lang.Error: Unresolved compilation problem: 
Unreachable code

at StepDef.step1.open_chrome_and_url_of_the_application(step1.java:16)
at ✽.Open Chrome and url of the application(file:///C:/Users/rakshit248/eclipse-workspace/Neeshu/Bddfeatures/F1.feature:3)
]]>
    </failure>
  </testcase> <!-- runScenario -->
</testsuite> <!-- Default test -->
