<?xml version="1.0" encoding="UTF-8"?>
<testng-results ignored="0" total="1" passed="1" failed="0" skipped="0">
  <reporter-output>
  </reporter-output>
  <suite started-at="2021-07-31T13:40:59 GMT" name="Neeshu by packages" finished-at="2021-07-31T13:41:10 GMT" duration-ms="10819">
    <groups>
      <group name="cucumber">
        <method signature="AbstractTestNGCucumberTests.runScenario(io.cucumber.testng.PickleWrapper,io.cucumber.testng.FeatureWrapper)[pri:0, instance:Runner.Run1@32ee6fee]" name="runScenario" class="io.cucumber.testng.AbstractTestNGCucumberTests"/>
      </group> <!-- cucumber -->
    </groups>
    <test started-at="2021-07-31T13:40:59 GMT" name="Runner" finished-at="2021-07-31T13:41:10 GMT" duration-ms="10819">
      <class name="Runner.Run1">
        <test-method is-config="true" signature="setUpClass()[pri:0, instance:Runner.Run1@32ee6fee]" started-at="2021-07-31T13:40:59 GMT" name="setUpClass" finished-at="2021-07-31T13:40:59 GMT" duration-ms="425" status="PASS">
          <reporter-output>
          </reporter-output>
        </test-method> <!-- setUpClass -->
        <test-method signature="runScenario(io.cucumber.testng.PickleWrapper,io.cucumber.testng.FeatureWrapper)[pri:0, instance:Runner.Run1@32ee6fee]" started-at="2021-07-31T13:40:59 GMT" name="runScenario" description="Runs Cucumber Scenarios" data-provider="scenarios" finished-at="2021-07-31T13:41:10 GMT" duration-ms="10292" status="PASS">
          <params>
            <param index="0">
              <value>
                <![CDATA["To test the login page of amazon app"]]>
              </value>
            </param>
            <param index="1">
              <value>
                <![CDATA["Optional[To test amazon application]"]]>
              </value>
            </param>
          </params>
          <reporter-output>
          </reporter-output>
        </test-method> <!-- runScenario -->
        <test-method is-config="true" signature="tearDownClass()[pri:0, instance:Runner.Run1@32ee6fee]" started-at="2021-07-31T13:41:10 GMT" name="tearDownClass" finished-at="2021-07-31T13:41:10 GMT" duration-ms="29" status="PASS">
          <reporter-output>
          </reporter-output>
        </test-method> <!-- tearDownClass -->
      </class> <!-- Runner.Run1 -->
    </test> <!-- Runner -->
  </suite> <!-- Neeshu by packages -->
</testng-results>
